TN:
SF:controllers\analyticsController.js
FN:5,(anonymous_0)
FN:19,(anonymous_1)
FN:31,(anonymous_2)
FNF:3
FNH:3
FNDA:1,(anonymous_0)
FNDA:1,(anonymous_1)
FNDA:1,(anonymous_2)
DA:5,26
DA:6,1
DA:7,1
DA:12,1
DA:14,0
DA:19,26
DA:20,1
DA:21,1
DA:24,1
DA:26,0
DA:31,26
DA:32,1
DA:33,1
DA:37,1
DA:39,0
LF:15
LH:12
BRF:0
BRH:0
end_of_record
TN:
SF:controllers\articleController.js
FN:3,incrementViews
FNF:1
FNH:0
FNDA:0,incrementViews
DA:4,0
DA:5,0
DA:9,0
DA:11,0
LF:4
LH:0
BRF:0
BRH:0
end_of_record
TN:
SF:controllers\bookmarkController.js
FN:4,addBookmark
FN:16,(anonymous_1)
FN:30,removeBookmark
FN:38,(anonymous_3)
FN:48,getBookmarks
FNF:5
FNH:5
FNDA:4,addBookmark
FNDA:1,(anonymous_1)
FNDA:2,removeBookmark
FNDA:1,(anonymous_3)
FNDA:2,getBookmarks
DA:5,4
DA:6,4
DA:7,4
DA:8,4
DA:10,3
DA:11,3
DA:13,2
DA:14,2
DA:16,2
DA:17,1
DA:20,1
DA:21,1
DA:23,1
DA:25,0
DA:26,0
DA:31,2
DA:32,2
DA:33,2
DA:35,2
DA:36,2
DA:38,1
DA:39,1
DA:41,1
DA:43,0
DA:44,0
DA:49,2
DA:50,2
DA:51,2
DA:56,2
DA:58,1
DA:60,0
DA:61,0
LF:32
LH:26
BRDA:8,0,0,1
BRDA:8,0,1,3
BRDA:11,1,0,1
BRDA:11,1,1,2
BRDA:14,2,0,0
BRDA:14,2,1,2
BRDA:16,3,0,1
BRDA:16,3,1,1
BRDA:36,4,0,1
BRDA:36,4,1,1
BRDA:56,5,0,1
BRDA:56,5,1,1
BRDA:58,6,0,1
BRDA:58,6,1,0
BRF:14
BRH:12
end_of_record
TN:
SF:controllers\suggestionController.js
FN:4,personalizedSuggestions
FNF:1
FNH:1
FNDA:2,personalizedSuggestions
DA:5,2
DA:6,2
DA:7,2
DA:8,1
DA:10,1
DA:11,1
LF:6
LH:6
BRF:0
BRH:0
end_of_record
TN:
SF:controllers\userController.js
FN:6,(anonymous_0)
FN:47,(anonymous_1)
FNF:2
FNH:2
FNDA:4,(anonymous_0)
FNDA:5,(anonymous_1)
DA:6,26
DA:7,4
DA:9,4
DA:10,4
DA:11,4
DA:12,1
DA:16,3
DA:17,3
DA:19,3
DA:26,1
DA:29,1
DA:35,1
DA:42,2
DA:47,26
DA:48,5
DA:50,5
DA:51,5
DA:52,5
DA:54,2
DA:55,2
DA:57,1
DA:63,1
DA:69,0
LF:23
LH:22
BRDA:11,0,0,1
BRDA:11,0,1,3
BRDA:23,1,0,3
BRDA:23,1,1,2
BRDA:52,2,0,3
BRDA:52,2,1,2
BRDA:55,3,0,1
BRDA:55,3,1,1
BRF:8
BRH:8
end_of_record
TN:
SF:middleware\authMiddleware.js
FN:11,authMiddleware
FNF:1
FNH:1
FNDA:9,authMiddleware
DA:12,9
DA:14,9
DA:15,9
DA:17,9
DA:18,6
DA:22,3
DA:23,2
DA:24,0
DA:28,2
DA:29,2
DA:30,1
DA:33,1
DA:34,1
DA:36,1
DA:38,1
LF:15
LH:14
BRDA:14,0,0,9
BRDA:14,0,1,6
BRDA:14,0,2,6
BRDA:15,1,0,3
BRDA:15,1,1,6
BRDA:17,2,0,6
BRDA:17,2,1,3
BRDA:23,3,0,0
BRDA:23,3,1,2
BRDA:23,4,0,2
BRDA:23,4,1,2
BRDA:29,5,0,1
BRDA:29,5,1,1
BRF:13
BRH:12
end_of_record
TN:
SF:models\articleModel.js
FNF:0
FNH:0
DA:3,24
LF:1
LH:1
BRF:0
BRH:0
end_of_record
TN:
SF:models\feedModel.js
FNF:0
FNH:0
DA:3,23
LF:1
LH:1
BRF:0
BRH:0
end_of_record
TN:
SF:models\ingestionLogModel.js
FNF:0
FNH:0
DA:3,26
LF:1
LH:1
BRF:0
BRH:0
end_of_record
TN:
SF:models\ingestionReportModel.js
FNF:0
FNH:0
DA:4,25
DA:13,25
LF:2
LH:2
BRF:0
BRH:0
end_of_record
TN:
SF:models\userModel.js
FNF:0
FNH:0
DA:4,24
DA:40,24
LF:2
LH:2
BRF:0
BRH:0
end_of_record
TN:
SF:routes\adminReports.js
FN:12,(anonymous_0)
FN:18,(anonymous_1)
FN:35,(anonymous_2)
FNF:3
FNH:3
FNDA:3,(anonymous_0)
FNDA:2,(anonymous_1)
FNDA:1,(anonymous_2)
DA:9,25
DA:12,25
DA:14,3
DA:18,25
DA:19,2
DA:20,2
DA:21,2
DA:24,1
DA:26,1
DA:35,25
DA:36,1
DA:37,1
DA:38,0
DA:39,0
DA:40,0
DA:42,1
LF:16
LH:13
BRDA:20,0,0,2
BRDA:20,0,1,2
BRDA:38,1,0,0
BRDA:38,1,1,0
BRF:4
BRH:2
end_of_record
TN:
SF:routes\analyticsRoutes.js
FNF:0
FNH:0
DA:7,25
DA:9,25
DA:10,25
LF:3
LH:3
BRF:0
BRH:0
end_of_record
TN:
SF:routes\bookmarkRoutes.js
FNF:0
FNH:0
DA:5,25
DA:7,25
DA:8,25
DA:9,25
LF:4
LH:4
BRF:0
BRH:0
end_of_record
TN:
SF:routes\feedRoutes.js
FN:11,(anonymous_0)
FN:46,(anonymous_1)
FN:62,(anonymous_2)
FN:78,(anonymous_3)
FNF:4
FNH:1
FNDA:0,(anonymous_0)
FNDA:9,(anonymous_1)
FNDA:0,(anonymous_2)
FNDA:0,(anonymous_3)
DA:6,25
DA:11,25
DA:12,0
DA:13,0
DA:15,0
DA:16,0
DA:20,0
DA:21,0
DA:22,0
DA:26,0
DA:27,0
DA:29,0
DA:35,0
DA:46,25
DA:47,9
DA:48,9
DA:49,8
DA:51,1
DA:62,25
DA:63,0
DA:64,0
DA:65,0
DA:67,0
DA:78,25
DA:79,0
DA:80,0
DA:81,0
DA:83,0
LF:28
LH:9
BRDA:15,0,0,0
BRDA:15,0,1,0
BRDA:15,1,0,0
BRDA:15,1,1,0
BRDA:21,2,0,0
BRDA:21,2,1,0
BRF:6
BRH:0
end_of_record
TN:
SF:routes\suggestionRoutes.js
FNF:0
FNH:0
DA:5,25
DA:7,25
LF:2
LH:2
BRF:0
BRH:0
end_of_record
TN:
SF:routes\userRoutes.js
FN:19,(anonymous_0)
FNF:1
FNH:0
FNDA:0,(anonymous_0)
DA:9,25
DA:12,25
DA:15,25
DA:19,25
DA:20,0
DA:22,0
DA:23,0
DA:26,0
DA:27,0
DA:29,0
DA:30,0
DA:33,0
DA:34,0
DA:36,0
DA:38,0
DA:39,0
LF:16
LH:4
BRDA:22,0,0,0
BRDA:22,0,1,0
BRDA:29,1,0,0
BRDA:29,1,1,0
BRF:4
BRH:0
end_of_record
TN:
SF:services\suggestionService.js
FN:5,getPersonalizedSuggestions
FNF:1
FNH:1
FNDA:3,getPersonalizedSuggestions
DA:6,3
DA:9,3
DA:10,2
DA:14,1
LF:4
LH:4
BRDA:6,0,0,3
BRDA:6,0,1,1
BRDA:9,1,0,2
BRDA:9,1,1,1
BRF:4
BRH:4
end_of_record
